#
# A fatal error has been detected by the Java Runtime Environment:
#
#  EXCEPTION_ACCESS_VIOLATION (0xc0000005) at pc=0x000000000c9a50da, pid=3416, tid=13748
#
# JRE version: Java(TM) SE Runtime Environment (7.0_67-b01) (build 1.7.0_67-b01)
# Java VM: Java HotSpot(TM) 64-Bit Server VM (24.65-b04 mixed mode windows-amd64 compressed oops)
# Problematic frame:
# C  [packet.dll+0x50da]
#
# Failed to write core dump. Minidumps are not enabled by default on client versions of Windows
#
# If you would like to submit a bug report, please visit:
#   http://bugreport.sun.com/bugreport/crash.jsp
# The crash happened outside the Java Virtual Machine in native code.
# See problematic frame for where to report the bug.
#

---------------  T H R E A D  ---------------

Current thread (0x000000000ce58800):  JavaThread "Thread-2" [_thread_in_native, id=13748, stack(0x0000000013560000,0x0000000013660000)]

siginfo: ExceptionCode=0xc0000005, reading address 0x0000000000000170

Registers:
RAX=0x000000000c332610, RBX=0x000000000ca00c20, RCX=0x0000000000000000, RDX=0x000000000046a080
RSP=0x000000001365f430, RBP=0x0000000000000001, RSI=0x0000000180002360, RDI=0x000000000ca00c20
R8 =0x0000000180002301, R9 =0x0000000000000000, R10=0x0000000180002360, R11=0x000000000c129878
R12=0x000000000ce589e8, R13=0x0000000000000000, R14=0x0000000000000001, R15=0x0000000000000000
RIP=0x000000000c9a50da, EFLAGS=0x0000000000010206

Top of Stack: (sp=0x000000001365f430)
0x000000001365f430:   0000000001d7bc10 0000000065490535
0x000000001365f440:   000000000ce58800 00000000653e3f53
0x000000001365f450:   000000000c0d11a0 000000000ce58800
0x000000001365f460:   000000000ca00c20 000000000c953ca3
0x000000001365f470:   000000000ca00c20 0000000001d7bc10
0x000000001365f480:   000000001365f5d0 0000000200000004
0x000000001365f490:   000000000ce58800 000000001365f5e0
0x000000001365f4a0:   0000000180000000 0000000000000000
0x000000001365f4b0:   000000000ca00c20 000000000c954c80
0x000000001365f4c0:   000000000ce58800 0000000000000000
0x000000001365f4d0:   0000000180002360 000000001365f5e0
0x000000001365f4e0:   0000000000000000 0000000180001e44
0x000000001365f4f0:   00000000659b4f80 0000000000000001
0x000000001365f500:   000000001365f5d0 000000000ce58800
0x000000001365f510:   000000077cd87110 0000000000000000
0x000000001365f520:   0000000002326274 0000000002333150 

Instructions: (pc=0x000000000c9a50da)
0x000000000c9a50ba:   34 00 00 00 00 c6 41 38 00 c3 cc cc cc cc cc cc
0x000000000c9a50ca:   cc cc cc cc cc cc 48 89 5c 24 08 57 48 83 ec 30
0x000000000c9a50da:   8b 81 70 01 00 00 48 8b fa 48 8b d9 83 f8 10 75
0x000000000c9a50ea:   3e 8b 51 58 83 fa ff 74 12 48 8b 49 50 83 c8 ff 


Register to memory mapping:

RAX=0x000000000c332610 is a global jni handle
RBX=0x000000000ca00c20 is an unknown value
RCX=0x0000000000000000 is an unknown value
RDX=0x000000000046a080 is an unknown value
RSP=0x000000001365f430 is pointing into the stack for thread: 0x000000000ce58800
RBP=0x0000000000000001 is an unknown value
RSI=0x0000000180002360 is an unknown value
RDI=0x000000000ca00c20 is an unknown value
R8 =0x0000000180002301 is an unknown value
R9 =0x0000000000000000 is an unknown value
R10=0x0000000180002360 is an unknown value
R11=0x000000000c129878 is an unknown value
R12=0x000000000ce589e8 is an unknown value
R13=0x0000000000000000 is an unknown value
R14=0x0000000000000001 is an unknown value
R15=0x0000000000000000 is an unknown value


Stack: [0x0000000013560000,0x0000000013660000],  sp=0x000000001365f430,  free space=1021k
Native frames: (J=compiled Java code, j=interpreted, Vv=VM code, C=native code)
C  [packet.dll+0x50da]

Java frames: (J=compiled Java code, j=interpreted, Vv=VM code)
j  jpcap.JpcapCaptor.processPacket(ILjpcap/PacketReceiver;)I+0
j  netcap.Netcaptor$2.run()V+18
j  java.lang.Thread.run()V+11
v  ~StubRoutines::call_stub

---------------  P R O C E S S  ---------------

Java Threads: ( => current thread )
=>0x000000000ce58800 JavaThread "Thread-2" [_thread_in_native, id=13748, stack(0x0000000013560000,0x0000000013660000)]
  0x000000000ce00800 JavaThread "TimerQueue" daemon [_thread_blocked, id=9480, stack(0x000000000d630000,0x000000000d730000)]
  0x0000000002220800 JavaThread "DestroyJavaVM" [_thread_blocked, id=16796, stack(0x0000000002120000,0x0000000002220000)]
  0x000000000c0de000 JavaThread "AWT-EventQueue-0" [_thread_in_native, id=5724, stack(0x000000000cc10000,0x000000000cd10000)]
  0x000000000c0da800 JavaThread "AWT-Windows" daemon [_thread_in_native, id=15328, stack(0x000000000c6f0000,0x000000000c7f0000)]
  0x000000000c087000 JavaThread "AWT-Shutdown" [_thread_blocked, id=5192, stack(0x000000000c5f0000,0x000000000c6f0000)]
  0x000000000c024800 JavaThread "Java2D Disposer" daemon [_thread_blocked, id=8804, stack(0x000000000c4f0000,0x000000000c5f0000)]
  0x000000000a653000 JavaThread "Service Thread" daemon [_thread_blocked, id=17424, stack(0x000000000bdd0000,0x000000000bed0000)]
  0x000000000a64c800 JavaThread "C2 CompilerThread1" daemon [_thread_blocked, id=18332, stack(0x000000000bcd0000,0x000000000bdd0000)]
  0x000000000a61c800 JavaThread "C2 CompilerThread0" daemon [_thread_blocked, id=15812, stack(0x000000000bbd0000,0x000000000bcd0000)]
  0x000000000a61b000 JavaThread "Attach Listener" daemon [_thread_blocked, id=5960, stack(0x000000000bad0000,0x000000000bbd0000)]
  0x000000000a618000 JavaThread "Signal Dispatcher" daemon [_thread_blocked, id=4920, stack(0x000000000b9d0000,0x000000000bad0000)]
  0x000000000a5fe000 JavaThread "Finalizer" daemon [_thread_blocked, id=12104, stack(0x000000000b8d0000,0x000000000b9d0000)]
  0x000000000a5f5000 JavaThread "Reference Handler" daemon [_thread_blocked, id=14580, stack(0x000000000b7d0000,0x000000000b8d0000)]

Other Threads:
  0x000000000a5f1000 VMThread [stack: 0x000000000b6d0000,0x000000000b7d0000] [id=8584]
  0x000000000a66c800 WatcherThread [stack: 0x000000000bed0000,0x000000000bfd0000] [id=17572]

VM state:not at safepoint (normal execution)

VM Mutex/Monitor currently owned by a thread: None

Heap
 PSYoungGen      total 38400K, used 11849K [0x00000007d5c80000, 0x00000007d8700000, 0x0000000800000000)
  eden space 33280K, 35% used [0x00000007d5c80000,0x00000007d68126b0,0x00000007d7d00000)
  from space 5120K, 0% used [0x00000007d8200000,0x00000007d8200000,0x00000007d8700000)
  to   space 5120K, 0% used [0x00000007d7d00000,0x00000007d7d00000,0x00000007d8200000)
 ParOldGen       total 86016K, used 0K [0x0000000781600000, 0x0000000786a00000, 0x00000007d5c80000)
  object space 86016K, 0% used [0x0000000781600000,0x0000000781600000,0x0000000786a00000)
 PSPermGen       total 21504K, used 11297K [0x000000077c400000, 0x000000077d900000, 0x0000000781600000)
  object space 21504K, 52% used [0x000000077c400000,0x000000077cf085b8,0x000000077d900000)

Card table byte_map: [0x00000000053e0000,0x0000000005800000] byte_map_base: 0x00000000017fe000

Polling page: 0x0000000001d10000

Code Cache  [0x0000000002320000, 0x0000000002590000, 0x0000000005320000)
 total_blobs=487 nmethods=62 adapters=377 free_code_cache=48566Kb largest_free_block=49710528

Compilation events (10 events):
Event: 185.190 Thread 0x000000000a64c800   58             java.lang.Math::min (11 bytes)
Event: 185.191 Thread 0x000000000a64c800 nmethod 58 0x00000000023af610 code [0x00000000023af740, 0x00000000023af798]
Event: 205.681 Thread 0x000000000a61c800   59             java.util.HashMap::get (29 bytes)
Event: 205.692 Thread 0x000000000a61c800 nmethod 59 0x00000000023aafd0 code [0x00000000023ab140, 0x00000000023ab3c8]
Event: 206.145 Thread 0x000000000a64c800   60             java.awt.Component::getParent_NoClientCode (5 bytes)
Event: 206.146 Thread 0x000000000a64c800 nmethod 60 0x00000000023aadd0 code [0x00000000023aaf00, 0x00000000023aaf78]
Event: 206.174 Thread 0x000000000a61c800   61             java.awt.Component::getParent (5 bytes)
Event: 206.175 Thread 0x000000000a61c800 nmethod 61 0x00000000023aabd0 code [0x00000000023aad00, 0x00000000023aad78]
Event: 206.945 Thread 0x000000000a64c800   62             java.awt.Component::getTreeLock (4 bytes)
Event: 206.946 Thread 0x000000000a64c800 nmethod 62 0x00000000023b6110 code [0x00000000023b6240, 0x00000000023b62b8]

GC Heap History (0 events):
No events

Deoptimization events (5 events):
Event: 0.766 Thread 0x0000000002220800 Uncommon trap: reason=null_check action=make_not_entrant pc=0x0000000002391c1c method=java.lang.String.equals(Ljava/lang/Object;)Z @ 8
Event: 9.559 Thread 0x000000000c0de000 Uncommon trap: reason=class_check action=maybe_recompile pc=0x0000000002397d08 method=java.lang.String.equals(Ljava/lang/Object;)Z @ 8
Event: 9.559 Thread 0x000000000c0de000 Uncommon trap: reason=class_check action=maybe_recompile pc=0x0000000002397d08 method=java.lang.String.equals(Ljava/lang/Object;)Z @ 8
Event: 9.559 Thread 0x000000000c0de000 Uncommon trap: reason=class_check action=maybe_recompile pc=0x0000000002397d08 method=java.lang.String.equals(Ljava/lang/Object;)Z @ 8
Event: 10.289 Thread 0x000000000c0de000 Uncommon trap: reason=class_check action=maybe_recompile pc=0x0000000002397d08 method=java.lang.String.equals(Ljava/lang/Object;)Z @ 8

Internal exceptions (10 events):
Event: 0.766 Thread 0x0000000002220800 Implicit null exception at 0x0000000002391a15 to 0x0000000002391c0d
Event: 0.770 Thread 0x0000000002220800 Threw 0x00000007d5f9f0d0 at C:\re\jdk7u67\1368\hotspot\src\share\vm\prims\jni.cpp:717
Event: 0.770 Thread 0x0000000002220800 Threw 0x00000007d5f9f538 at C:\re\jdk7u67\1368\hotspot\src\share\vm\interpreter\linkResolver.cpp:883
Event: 0.795 Thread 0x0000000002220800 Threw 0x00000007d5fc0310 at C:\re\jdk7u67\1368\hotspot\src\share\vm\prims\jvm.cpp:1244
Event: 0.795 Thread 0x0000000002220800 Threw 0x00000007d5fc15a8 at C:\re\jdk7u67\1368\hotspot\src\share\vm\prims\jvm.cpp:1244
Event: 0.799 Thread 0x0000000002220800 Threw 0x00000007d606b298 at C:\re\jdk7u67\1368\hotspot\src\share\vm\prims\jvm.cpp:1244
Event: 0.799 Thread 0x0000000002220800 Threw 0x00000007d606c530 at C:\re\jdk7u67\1368\hotspot\src\share\vm\prims\jvm.cpp:1244
Event: 13.567 Thread 0x000000000c0de000 Threw 0x00000007d6471060 at C:\re\jdk7u67\1368\hotspot\src\share\vm\prims\jvm.cpp:1244
Event: 185.009 Thread 0x000000000c0de000 Threw 0x00000007d66862a0 at C:\re\jdk7u67\1368\hotspot\src\share\vm\prims\jni.cpp:1598
Event: 185.187 Thread 0x000000000c0de000 Threw 0x00000007d669ecc8 at C:\re\jdk7u67\1368\hotspot\src\share\vm\prims\jvm.cpp:1244

Events (10 events):
Event: 185.009 loading class 0x0000000002274d40
Event: 185.009 loading class 0x0000000002274d40 done
Event: 185.009 loading class 0x0000000002274ad0 done
Event: 185.170 loading class 0x000000000a6631f0
Event: 185.171 loading class 0x000000000a6631f0 done
Event: 185.187 loading class 0x000000000c085c60
Event: 185.187 loading class 0x000000000c085c60 done
Event: 185.188 Thread 0x000000000ce58800 Thread added: 0x000000000ce58800
Event: 189.264 Executing VM operation: BulkRevokeBias
Event: 189.264 Executing VM operation: BulkRevokeBias done


Dynamic libraries:
0x00007ff684ed0000 - 0x00007ff684f03000 	G:\jdk\bin\javaw.exe
0x00007ffebf4e0000 - 0x00007ffebf68d000 	C:\Windows\SYSTEM32\ntdll.dll
0x00007ffebe940000 - 0x00007ffebea7e000 	C:\Windows\system32\KERNEL32.DLL
0x00007ffebc6a0000 - 0x00007ffebc7b5000 	C:\Windows\system32\KERNELBASE.dll
0x00007ffebae80000 - 0x00007ffebaf0e000 	C:\Windows\system32\apphelp.dll
0x00007ffeb0ed0000 - 0x00007ffeb0f23000 	C:\Windows\AppPatch\AppPatch64\AcGenral.DLL
0x00007ffebf010000 - 0x00007ffebf0ba000 	C:\Windows\system32\msvcrt.dll
0x00007ffebc060000 - 0x00007ffebc08e000 	C:\Windows\SYSTEM32\SspiCli.dll
0x00007ffebe830000 - 0x00007ffebe884000 	C:\Windows\system32\SHLWAPI.dll
0x00007ffebeb40000 - 0x00007ffebecb7000 	C:\Windows\system32\USER32.dll
0x00007ffebe670000 - 0x00007ffebe804000 	C:\Windows\system32\ole32.dll
0x00007ffebc9a0000 - 0x00007ffebdeca000 	C:\Windows\system32\SHELL32.dll
0x00007ffebb830000 - 0x00007ffebb851000 	C:\Windows\SYSTEM32\USERENV.dll
0x00007ffebe890000 - 0x00007ffebe93a000 	C:\Windows\system32\ADVAPI32.dll
0x00007ffeb3860000 - 0x00007ffeb387e000 	C:\Windows\SYSTEM32\MPR.dll
0x00007ffebdf90000 - 0x00007ffebe0d1000 	C:\Windows\system32\RPCRT4.dll
0x00007ffebecd0000 - 0x00007ffebed29000 	C:\Windows\SYSTEM32\sechost.dll
0x00007ffebe190000 - 0x00007ffebe3a1000 	C:\Windows\SYSTEM32\combase.dll
0x00007ffebf390000 - 0x00007ffebf4e0000 	C:\Windows\system32\GDI32.dll
0x00007ffebc240000 - 0x00007ffebc255000 	C:\Windows\SYSTEM32\profapi.dll
0x00007ffeba810000 - 0x00007ffeba8c2000 	C:\Windows\SYSTEM32\SHCORE.dll
0x00007ffebe150000 - 0x00007ffebe186000 	C:\Windows\system32\IMM32.DLL
0x00007ffebf160000 - 0x00007ffebf2b2000 	C:\Windows\system32\MSCTF.dll
0x00007ffeba390000 - 0x00007ffeba60b000 	C:\Windows\WinSxS\amd64_microsoft.windows.common-controls_6595b64144ccf1df_6.0.9600.18006_none_623f33d3ecbe86e8\COMCTL32.dll
0x0000000066490000 - 0x0000000066562000 	G:\jdk\bin\msvcr100.dll
0x00000000652c0000 - 0x0000000065a92000 	G:\jdk\bin\server\jvm.dll
0x00007ffeb9bb0000 - 0x00007ffeb9bb9000 	C:\Windows\SYSTEM32\WSOCK32.dll
0x00007ffebc7d0000 - 0x00007ffebc7f2000 	C:\Windows\system32\WINMM.dll
0x00007ffebf150000 - 0x00007ffebf157000 	C:\Windows\system32\PSAPI.DLL
0x00007ffebe0f0000 - 0x00007ffebe14a000 	C:\Windows\system32\WS2_32.dll
0x00007ffebc340000 - 0x00007ffebc36a000 	C:\Windows\system32\WINMMBASE.dll
0x00007ffebe0e0000 - 0x00007ffebe0e9000 	C:\Windows\system32\NSI.dll
0x00007ffebc370000 - 0x00007ffebc3bf000 	C:\Windows\SYSTEM32\cfgmgr32.dll
0x00007ffebc2f0000 - 0x00007ffebc318000 	C:\Windows\system32\DEVOBJ.dll
0x0000000066b10000 - 0x0000000066b1f000 	G:\jdk\bin\verify.dll
0x0000000066460000 - 0x0000000066488000 	G:\jdk\bin\java.dll
0x0000000066800000 - 0x0000000066815000 	G:\jdk\bin\zip.dll
0x00000000662c0000 - 0x0000000066455000 	G:\jdk\bin\awt.dll
0x00007ffebf2c0000 - 0x00007ffebf381000 	C:\Windows\system32\OLEAUT32.dll
0x00007ffeba610000 - 0x00007ffeba631000 	C:\Windows\system32\DWMAPI.DLL
0x00007ffebaf30000 - 0x00007ffebb059000 	C:\Windows\system32\uxtheme.dll
0x00007ffebb0d0000 - 0x00007ffebb0db000 	C:\Windows\SYSTEM32\kernel.appcore.dll
0x00007ffebc100000 - 0x00007ffebc10b000 	C:\Windows\SYSTEM32\CRYPTBASE.dll
0x00007ffebc090000 - 0x00007ffebc0f3000 	C:\Windows\SYSTEM32\bcryptPrimitives.dll
0x0000000066270000 - 0x00000000662b7000 	G:\jdk\bin\fontmanager.dll
0x0000000066250000 - 0x0000000066269000 	G:\jdk\bin\net.dll
0x00007ffebbaa0000 - 0x00007ffebbaf9000 	C:\Windows\system32\mswsock.dll
0x0000000066230000 - 0x0000000066241000 	G:\jdk\bin\nio.dll
0x00000000661e0000 - 0x0000000066221000 	G:\jdk\bin\t2k.dll
0x00007ffebded0000 - 0x00007ffebdf86000 	C:\Windows\SYSTEM32\clbcatq.dll
0x00007ffea9170000 - 0x00007ffea9350000 	C:\Windows\system32\SogouTSF.ime
0x00007ffeb7f10000 - 0x00007ffeb7f1a000 	C:\Windows\system32\VERSION.dll
0x00007ffeb7e20000 - 0x00007ffeb7e27000 	C:\Windows\system32\MSIMG32.dll
0x00007ffeb5fe0000 - 0x00007ffeb6012000 	C:\Windows\SYSTEM32\ntmarta.dll
0x00007ffea88f0000 - 0x00007ffea9167000 	C:\Windows\system32\SogouPy.ime
0x00007ffeb7f40000 - 0x00007ffeb7faa000 	C:\Windows\SYSTEM32\OLEACC.dll
0x00007ffeb1de0000 - 0x00007ffeb1e0a000 	H:\sogou\SogouInput\Components\SgAppender\1.0.0.207\SgAppender_Dll64.dll
0x0000000010290000 - 0x000000001036d000 	H:\sogou\SogouInput\7.8.0.7255\Resource.dll
0x00007ffeaf420000 - 0x00007ffeaf487000 	H:\sogou\SogouInput\Components\AddressSearch\2.0.1.1379\AddressSearch64.dll
0x00007ffeaeec0000 - 0x00007ffeaf0eb000 	H:\sogou\SogouInput\Components\PicFace\1.0.0.1394\PicFace64.dll
0x0000000180000000 - 0x000000018002d000 	C:\Program Files\Java\jdk1.7.0_67\jre\bin\Jpcap.dll
0x000000000c930000 - 0x000000000c995000 	C:\Windows\SYSTEM32\wpcap.dll
0x00007ffeb5fb0000 - 0x00007ffeb5fda000 	C:\Windows\SYSTEM32\iphlpapi.dll
0x000000000c9a0000 - 0x000000000c9bf000 	C:\Windows\SYSTEM32\packet.dll
0x00007ffeb5fa0000 - 0x00007ffeb5faa000 	C:\Windows\SYSTEM32\WINNSI.DLL
0x00007ffeb5e90000 - 0x00007ffeb5ea6000 	C:\Windows\SYSTEM32\dhcpcsvc6.DLL
0x00007ffeb5e70000 - 0x00007ffeb5e8a000 	C:\Windows\SYSTEM32\dhcpcsvc.DLL
0x00007ffeba0f0000 - 0x00007ffeba29e000 	C:\Windows\SYSTEM32\WindowsCodecs.dll
0x00007ffebbb00000 - 0x00007ffebbb20000 	C:\Windows\SYSTEM32\CRYPTSP.dll
0x00007ffebb720000 - 0x00007ffebb756000 	C:\Windows\system32\rsaenh.dll
0x00007ffebbd50000 - 0x00007ffebbd76000 	C:\Windows\SYSTEM32\bcrypt.dll
0x00007ffe9db60000 - 0x00007ffe9dce9000 	C:\Windows\SYSTEM32\dbghelp.dll

VM Arguments:
jvm_args: -Dfile.encoding=GBK 
java_command: netcap.JFrameMain
Launcher Type: SUN_STANDARD

Environment Variables:
JAVA_HOME=C:\Program Files\Java\jdk1.7.0_67
CLASSPATH=.;C:\Program Files\Java\jdk1.7.0_67\lib\dt.jar;C:\Program Files\Java\jdk1.7.0_67\lib\tools.jar;
PATH=C:/Program Files (x86)/Java/jre6/bin/client;C:/Program Files (x86)/Java/jre6/bin;C:/Program Files (x86)/Java/jre6/lib/i386;C:\Program Files (x86)\Common Files\NetSarang;C:\Program Files (x86)\NVIDIA Corporation\PhysX\Common;c:\Program Files (x86)\Intel\iCLS Client\;c:\Program Files\Intel\iCLS Client\;C:\Windows\system32;C:\Windows;C:\Windows\System32\Wbem;C:\Windows\System32\WindowsPowerShell\v1.0\;C:\Program Files\Intel\Intel(R) Management Engine Components\DAL;C:\Program Files\Intel\Intel(R) Management Engine Components\IPT;C:\Program Files (x86)\Intel\Intel(R) Management Engine Components\DAL;C:\Program Files (x86)\Intel\Intel(R) Management Engine Components\IPT;C:\Program Files (x86)\Windows Live\Shared;G:\svn\bin;C:\Program Files\Java\jdk1.7.0_67\bin;C:\Program Files\Java\jdk1.7.0_67\jre\bin;C:\Program Files (x86)\MySQL\MySQL Fabric 1.5.2 & MySQL Utilities 1.5.2 1.5\;C:\Program Files (x86)\MySQL\MySQL Fabric 1.5.2 & MySQL Utilities 1.5.2 1.5\Doctrine extensions for PHP\;G:\Python2.7;G:\Python2.7\Scripts;H:\nmap;G:\Python2.7\Scripts;G:\Eclipse\eclipse;
USERNAME=dell123
OS=Windows_NT
PROCESSOR_IDENTIFIER=Intel64 Family 6 Model 69 Stepping 1, GenuineIntel



---------------  S Y S T E M  ---------------

OS: Windows 8.1 , 64 bit Build 9600 

CPU:total 4 (2 cores per cpu, 2 threads per core) family 6 model 69 stepping 1, cmov, cx8, fxsr, mmx, sse, sse2, sse3, ssse3, sse4.1, sse4.2, popcnt, avx, avx2, aes, erms, ht, tsc, tscinvbit

Memory: 4k page, physical 8290760k(5022104k free), swap 16679368k(11575276k free)

vm_info: Java HotSpot(TM) 64-Bit Server VM (24.65-b04) for windows-amd64 JRE (1.7.0_67-b01), built on Jul 25 2014 08:55:00 by "java_re" with unknown MS VC++:1600

time: Wed Mar 09 19:32:23 2016
elapsed time: 207 seconds

