#
# A fatal error has been detected by the Java Runtime Environment:
#
#  EXCEPTION_ACCESS_VIOLATION (0xc0000005) at pc=0x00000000105550da, pid=3764, tid=1464
#
# JRE version: Java(TM) SE Runtime Environment (7.0_67-b01) (build 1.7.0_67-b01)
# Java VM: Java HotSpot(TM) 64-Bit Server VM (24.65-b04 mixed mode windows-amd64 compressed oops)
# Problematic frame:
# C  [packet.dll+0x50da]
#
# Failed to write core dump. Minidumps are not enabled by default on client versions of Windows
#
# If you would like to submit a bug report, please visit:
#   http://bugreport.sun.com/bugreport/crash.jsp
# The crash happened outside the Java Virtual Machine in native code.
# See problematic frame for where to report the bug.
#

---------------  T H R E A D  ---------------

Current thread (0x000000000d567800):  JavaThread "Thread-2" [_thread_in_native, id=1464, stack(0x0000000014410000,0x0000000014510000)]

siginfo: ExceptionCode=0xc0000005, reading address 0x0000000000000170

Registers:
RAX=0x000000000b172440, RBX=0x0000000013f26f10, RCX=0x0000000000000000, RDX=0x00000000010d4100
RSP=0x000000001450f3f0, RBP=0x0000000000000001, RSI=0x0000000180002360, RDI=0x0000000013f26f10
R8 =0x0000000180002301, R9 =0x0000000000000000, R10=0x0000000180002360, R11=0x000000000ccbb788
R12=0x000000000d5679e8, R13=0x0000000000000000, R14=0x0000000000000001, R15=0x0000000000000000
RIP=0x00000000105550da, EFLAGS=0x0000000000010206

Top of Stack: (sp=0x000000001450f3f0)
0x000000001450f3f0:   0000000002e5c6b0 0000000064cb0535
0x000000001450f400:   000000000d567800 0000000064c03f53
0x000000001450f410:   000000000cbbb030 000000000d567800
0x000000001450f420:   0000000013f26f10 00000000104f3ca3
0x000000001450f430:   0000000013f26f10 0000000002e5c6b0
0x000000001450f440:   000000001450f590 0000000200000004
0x000000001450f450:   000000000d567800 000000001450f5a0
0x000000001450f460:   0000000180000000 0000000000000000
0x000000001450f470:   0000000013f26f10 00000000104f4c80
0x000000001450f480:   000000000d567800 0000000000000000
0x000000001450f490:   0000000180002360 000000001450f5a0
0x000000001450f4a0:   0000000000000000 0000000180001e44
0x000000001450f4b0:   00000000651d4f80 0000000000000001
0x000000001450f4c0:   000000001450f590 000000000d567800
0x000000001450f4d0:   000000077cdbf880 0000000000000000
0x000000001450f4e0:   0000000002f66274 0000000002f73150 

Instructions: (pc=0x00000000105550da)
0x00000000105550ba:   34 00 00 00 00 c6 41 38 00 c3 cc cc cc cc cc cc
0x00000000105550ca:   cc cc cc cc cc cc 48 89 5c 24 08 57 48 83 ec 30
0x00000000105550da:   8b 81 70 01 00 00 48 8b fa 48 8b d9 83 f8 10 75
0x00000000105550ea:   3e 8b 51 58 83 fa ff 74 12 48 8b 49 50 83 c8 ff 


Register to memory mapping:

RAX=0x000000000b172440 is a global jni handle
RBX=0x0000000013f26f10 is an unknown value
RCX=0x0000000000000000 is an unknown value
RDX=0x00000000010d4100 is an unknown value
RSP=0x000000001450f3f0 is pointing into the stack for thread: 0x000000000d567800
RBP=0x0000000000000001 is an unknown value
RSI=0x0000000180002360 is an unknown value
RDI=0x0000000013f26f10 is an unknown value
R8 =0x0000000180002301 is an unknown value
R9 =0x0000000000000000 is an unknown value
R10=0x0000000180002360 is an unknown value
R11=0x000000000ccbb788 is an unknown value
R12=0x000000000d5679e8 is an unknown value
R13=0x0000000000000000 is an unknown value
R14=0x0000000000000001 is an unknown value
R15=0x0000000000000000 is an unknown value


Stack: [0x0000000014410000,0x0000000014510000],  sp=0x000000001450f3f0,  free space=1020k
Native frames: (J=compiled Java code, j=interpreted, Vv=VM code, C=native code)
C  [packet.dll+0x50da]

Java frames: (J=compiled Java code, j=interpreted, Vv=VM code)
j  jpcap.JpcapCaptor.processPacket(ILjpcap/PacketReceiver;)I+0
j  netcap.Netcaptor$2.run()V+18
j  java.lang.Thread.run()V+11
v  ~StubRoutines::call_stub

---------------  P R O C E S S  ---------------

Java Threads: ( => current thread )
=>0x000000000d567800 JavaThread "Thread-2" [_thread_in_native, id=1464, stack(0x0000000014410000,0x0000000014510000)]
  0x000000000d61d800 JavaThread "TimerQueue" daemon [_thread_blocked, id=18260, stack(0x00000000110d0000,0x00000000111d0000)]
  0x0000000002e60800 JavaThread "DestroyJavaVM" [_thread_blocked, id=1956, stack(0x0000000002c90000,0x0000000002d90000)]
  0x000000000cd28000 JavaThread "AWT-EventQueue-0" [_thread_in_native, id=12268, stack(0x000000000d360000,0x000000000d460000)]
  0x000000000cc53000 JavaThread "AWT-Windows" daemon [_thread_in_native, id=14800, stack(0x000000000d260000,0x000000000d360000)]
  0x000000000cc4d000 JavaThread "AWT-Shutdown" [_thread_blocked, id=16100, stack(0x000000000d160000,0x000000000d260000)]
  0x000000000cc4c800 JavaThread "Java2D Disposer" daemon [_thread_blocked, id=13756, stack(0x000000000d060000,0x000000000d160000)]
  0x000000000b1ea000 JavaThread "Service Thread" daemon [_thread_blocked, id=12700, stack(0x000000000c940000,0x000000000ca40000)]
  0x000000000b1d2800 JavaThread "C2 CompilerThread1" daemon [_thread_blocked, id=10328, stack(0x000000000c840000,0x000000000c940000)]
  0x000000000b1cf000 JavaThread "C2 CompilerThread0" daemon [_thread_blocked, id=4832, stack(0x000000000c740000,0x000000000c840000)]
  0x000000000b1ce000 JavaThread "Attach Listener" daemon [_thread_blocked, id=18376, stack(0x000000000c640000,0x000000000c740000)]
  0x000000000b1ca800 JavaThread "Signal Dispatcher" daemon [_thread_blocked, id=14804, stack(0x000000000c540000,0x000000000c640000)]
  0x000000000b17e800 JavaThread "Finalizer" daemon [_thread_blocked, id=6292, stack(0x000000000c440000,0x000000000c540000)]
  0x000000000b175000 JavaThread "Reference Handler" daemon [_thread_blocked, id=10052, stack(0x000000000c340000,0x000000000c440000)]

Other Threads:
  0x000000000b171000 VMThread [stack: 0x000000000c240000,0x000000000c340000] [id=17076]
  0x000000000b1f4800 WatcherThread [stack: 0x000000000ca40000,0x000000000cb40000] [id=4528]

VM state:not at safepoint (normal execution)

VM Mutex/Monitor currently owned by a thread: None

Heap
 PSYoungGen      total 38400K, used 13156K [0x00000007d5c80000, 0x00000007d8700000, 0x0000000800000000)
  eden space 33280K, 39% used [0x00000007d5c80000,0x00000007d69593e0,0x00000007d7d00000)
  from space 5120K, 0% used [0x00000007d8200000,0x00000007d8200000,0x00000007d8700000)
  to   space 5120K, 0% used [0x00000007d7d00000,0x00000007d7d00000,0x00000007d8200000)
 ParOldGen       total 86016K, used 0K [0x0000000781600000, 0x0000000786a00000, 0x00000007d5c80000)
  object space 86016K, 0% used [0x0000000781600000,0x0000000781600000,0x0000000786a00000)
 PSPermGen       total 21504K, used 11494K [0x000000077c400000, 0x000000077d900000, 0x0000000781600000)
  object space 21504K, 53% used [0x000000077c400000,0x000000077cf39bb8,0x000000077d900000)

Card table byte_map: [0x0000000005f60000,0x0000000006380000] byte_map_base: 0x000000000237e000

Polling page: 0x0000000000fb0000

Code Cache  [0x0000000002f60000, 0x00000000031d0000, 0x0000000005f60000)
 total_blobs=464 nmethods=37 adapters=379 free_code_cache=48593Kb largest_free_block=49726720

Compilation events (10 events):
Event: 21.975 Thread 0x000000000b1d2800   32             java.util.HashMap::get (29 bytes)
Event: 21.990 Thread 0x000000000b1d2800 nmethod 32 0x0000000002fe6350 code [0x0000000002fe64c0, 0x0000000002fe6768]
Event: 22.872 Thread 0x000000000b1cf000   33             java.awt.Container::findComponentAtImpl (315 bytes)
Event: 22.922 Thread 0x000000000b1d2800   35             java.util.ArrayList::rangeCheck (22 bytes)
Event: 22.924 Thread 0x000000000b1d2800 nmethod 35 0x0000000002feb2d0 code [0x0000000002feb400, 0x0000000002feb478]
Event: 22.924 Thread 0x000000000b1d2800   36             java.util.ArrayList::elementData (7 bytes)
Event: 22.925 Thread 0x000000000b1d2800 nmethod 36 0x0000000002feb050 code [0x0000000002feb180, 0x0000000002feb218]
Event: 22.926 Thread 0x000000000b1cf000 nmethod 33 0x0000000002ff1f10 code [0x0000000002ff2120, 0x0000000002ff2e28]
Event: 23.074 Thread 0x000000000b1d2800   37             java.util.ArrayList::get (11 bytes)
Event: 23.077 Thread 0x000000000b1d2800 nmethod 37 0x0000000002fead50 code [0x0000000002feae80, 0x0000000002feaf38]

GC Heap History (0 events):
No events

Deoptimization events (4 events):
Event: 5.238 Thread 0x000000000cd28000 Uncommon trap: reason=class_check action=maybe_recompile pc=0x0000000002fd2ad0 method=java.lang.String.equals(Ljava/lang/Object;)Z @ 8
Event: 5.238 Thread 0x000000000cd28000 Uncommon trap: reason=class_check action=maybe_recompile pc=0x0000000002fd2ad0 method=java.lang.String.equals(Ljava/lang/Object;)Z @ 8
Event: 5.238 Thread 0x000000000cd28000 Uncommon trap: reason=class_check action=maybe_recompile pc=0x0000000002fd2ad0 method=java.lang.String.equals(Ljava/lang/Object;)Z @ 8
Event: 6.111 Thread 0x000000000cd28000 Uncommon trap: reason=class_check action=maybe_recompile pc=0x0000000002fd2ad0 method=java.lang.String.equals(Ljava/lang/Object;)Z @ 8

Internal exceptions (10 events):
Event: 0.762 Thread 0x0000000002e60800 Threw 0x00000007d5f4d7f0 at C:\re\jdk7u67\1368\hotspot\src\share\vm\prims\jvm.cpp:1244
Event: 0.765 Thread 0x0000000002e60800 Threw 0x00000007d5f51620 at C:\re\jdk7u67\1368\hotspot\src\share\vm\prims\jvm.cpp:1244
Event: 1.139 Thread 0x0000000002e60800 Threw 0x00000007d5fb1dc0 at C:\re\jdk7u67\1368\hotspot\src\share\vm\prims\jni.cpp:717
Event: 1.139 Thread 0x0000000002e60800 Threw 0x00000007d5fb2228 at C:\re\jdk7u67\1368\hotspot\src\share\vm\interpreter\linkResolver.cpp:883
Event: 1.175 Thread 0x0000000002e60800 Threw 0x00000007d607dae0 at C:\re\jdk7u67\1368\hotspot\src\share\vm\prims\jvm.cpp:1244
Event: 1.175 Thread 0x0000000002e60800 Threw 0x00000007d607ed78 at C:\re\jdk7u67\1368\hotspot\src\share\vm\prims\jvm.cpp:1244
Event: 1.182 Thread 0x0000000002e60800 Threw 0x00000007d60821d0 at C:\re\jdk7u67\1368\hotspot\src\share\vm\prims\jvm.cpp:1244
Event: 1.183 Thread 0x0000000002e60800 Threw 0x00000007d6083468 at C:\re\jdk7u67\1368\hotspot\src\share\vm\prims\jvm.cpp:1244
Event: 6.114 Thread 0x000000000cd28000 Threw 0x00000007d6457d78 at C:\re\jdk7u67\1368\hotspot\src\share\vm\prims\jvm.cpp:1244
Event: 10.101 Thread 0x000000000cd28000 Threw 0x00000007d65967f0 at C:\re\jdk7u67\1368\hotspot\src\share\vm\prims\jvm.cpp:1244

Events (10 events):
Event: 10.096 loading class 0x000000000cb9ae90 done
Event: 10.100 loading class 0x000000000cc50410
Event: 10.100 loading class 0x000000000cc50410 done
Event: 10.102 Thread 0x000000000d567800 Thread added: 0x000000000d567800
Event: 14.106 loading class 0x000000000cb89650
Event: 14.130 loading class 0x000000000cb89650 done
Event: 14.156 loading class 0x000000000cbf0390
Event: 14.169 loading class 0x000000000cbf0390 done
Event: 14.215 loading class 0x000000000b212090
Event: 14.215 loading class 0x000000000b212090 done


Dynamic libraries:
0x00007ff6c9d20000 - 0x00007ff6c9d53000 	C:\Program Files\Java\jdk1.7.0_67\bin\javaw.exe
0x00007ffebf4e0000 - 0x00007ffebf68d000 	C:\Windows\SYSTEM32\ntdll.dll
0x00007ffebe940000 - 0x00007ffebea7e000 	C:\Windows\system32\KERNEL32.DLL
0x00007ffebc6a0000 - 0x00007ffebc7b5000 	C:\Windows\system32\KERNELBASE.dll
0x00007ffebae80000 - 0x00007ffebaf0e000 	C:\Windows\system32\apphelp.dll
0x00007ffeb0ed0000 - 0x00007ffeb0f23000 	C:\Windows\AppPatch\AppPatch64\AcGenral.DLL
0x00007ffebf010000 - 0x00007ffebf0ba000 	C:\Windows\system32\msvcrt.dll
0x00007ffebc060000 - 0x00007ffebc08e000 	C:\Windows\SYSTEM32\SspiCli.dll
0x00007ffebe830000 - 0x00007ffebe884000 	C:\Windows\system32\SHLWAPI.dll
0x00007ffebeb40000 - 0x00007ffebecb7000 	C:\Windows\system32\USER32.dll
0x00007ffebe670000 - 0x00007ffebe804000 	C:\Windows\system32\ole32.dll
0x00007ffebc9a0000 - 0x00007ffebdeca000 	C:\Windows\system32\SHELL32.dll
0x00007ffebb830000 - 0x00007ffebb851000 	C:\Windows\SYSTEM32\USERENV.dll
0x00007ffebe890000 - 0x00007ffebe93a000 	C:\Windows\system32\ADVAPI32.dll
0x00007ffeb3860000 - 0x00007ffeb387e000 	C:\Windows\SYSTEM32\MPR.dll
0x00007ffebdf90000 - 0x00007ffebe0d1000 	C:\Windows\system32\RPCRT4.dll
0x00007ffebecd0000 - 0x00007ffebed29000 	C:\Windows\SYSTEM32\sechost.dll
0x00007ffebe190000 - 0x00007ffebe3a1000 	C:\Windows\SYSTEM32\combase.dll
0x00007ffebf390000 - 0x00007ffebf4e0000 	C:\Windows\system32\GDI32.dll
0x00007ffebc240000 - 0x00007ffebc255000 	C:\Windows\SYSTEM32\profapi.dll
0x00007ffeba810000 - 0x00007ffeba8c2000 	C:\Windows\SYSTEM32\SHCORE.dll
0x00007ffebe150000 - 0x00007ffebe186000 	C:\Windows\system32\IMM32.DLL
0x00007ffebf160000 - 0x00007ffebf2b2000 	C:\Windows\system32\MSCTF.dll
0x00007ffeba390000 - 0x00007ffeba60b000 	C:\Windows\WinSxS\amd64_microsoft.windows.common-controls_6595b64144ccf1df_6.0.9600.18006_none_623f33d3ecbe86e8\COMCTL32.dll
0x0000000065f50000 - 0x0000000066022000 	C:\Program Files\Java\jdk1.7.0_67\jre\bin\msvcr100.dll
0x0000000064ae0000 - 0x00000000652b2000 	C:\Program Files\Java\jdk1.7.0_67\jre\bin\server\jvm.dll
0x00007ffeb9bb0000 - 0x00007ffeb9bb9000 	C:\Windows\SYSTEM32\WSOCK32.dll
0x00007ffebc7d0000 - 0x00007ffebc7f2000 	C:\Windows\system32\WINMM.dll
0x00007ffebf150000 - 0x00007ffebf157000 	C:\Windows\system32\PSAPI.DLL
0x00007ffebe0f0000 - 0x00007ffebe14a000 	C:\Windows\system32\WS2_32.dll
0x00007ffebc340000 - 0x00007ffebc36a000 	C:\Windows\system32\WINMMBASE.dll
0x00007ffebe0e0000 - 0x00007ffebe0e9000 	C:\Windows\system32\NSI.dll
0x00007ffebc370000 - 0x00007ffebc3bf000 	C:\Windows\SYSTEM32\cfgmgr32.dll
0x00007ffebc2f0000 - 0x00007ffebc318000 	C:\Windows\system32\DEVOBJ.dll
0x0000000065f40000 - 0x0000000065f4f000 	C:\Program Files\Java\jdk1.7.0_67\jre\bin\verify.dll
0x0000000065f10000 - 0x0000000065f38000 	C:\Program Files\Java\jdk1.7.0_67\jre\bin\java.dll
0x0000000065ef0000 - 0x0000000065f05000 	C:\Program Files\Java\jdk1.7.0_67\jre\bin\zip.dll
0x0000000064940000 - 0x0000000064ad5000 	C:\Program Files\Java\jdk1.7.0_67\jre\bin\awt.dll
0x00007ffebf2c0000 - 0x00007ffebf381000 	C:\Windows\system32\OLEAUT32.dll
0x00007ffeba610000 - 0x00007ffeba631000 	C:\Windows\system32\DWMAPI.DLL
0x00007ffebaf30000 - 0x00007ffebb059000 	C:\Windows\system32\uxtheme.dll
0x00007ffebb0d0000 - 0x00007ffebb0db000 	C:\Windows\SYSTEM32\kernel.appcore.dll
0x00007ffebc100000 - 0x00007ffebc10b000 	C:\Windows\SYSTEM32\CRYPTBASE.dll
0x00007ffebc090000 - 0x00007ffebc0f3000 	C:\Windows\SYSTEM32\bcryptPrimitives.dll
0x0000000065e80000 - 0x0000000065ec7000 	C:\Program Files\Java\jdk1.7.0_67\jre\bin\fontmanager.dll
0x0000000065ed0000 - 0x0000000065ee9000 	C:\Program Files\Java\jdk1.7.0_67\jre\bin\net.dll
0x00007ffebbaa0000 - 0x00007ffebbaf9000 	C:\Windows\system32\mswsock.dll
0x0000000065e60000 - 0x0000000065e71000 	C:\Program Files\Java\jdk1.7.0_67\jre\bin\nio.dll
0x0000000065e10000 - 0x0000000065e51000 	C:\Program Files\Java\jdk1.7.0_67\jre\bin\t2k.dll
0x00007ffebded0000 - 0x00007ffebdf86000 	C:\Windows\SYSTEM32\clbcatq.dll
0x00007ffea9170000 - 0x00007ffea9350000 	C:\Windows\system32\SogouTSF.ime
0x00007ffeb7f10000 - 0x00007ffeb7f1a000 	C:\Windows\system32\VERSION.dll
0x00007ffeb7e20000 - 0x00007ffeb7e27000 	C:\Windows\system32\MSIMG32.dll
0x00007ffeb5fe0000 - 0x00007ffeb6012000 	C:\Windows\SYSTEM32\ntmarta.dll
0x00007ffea88f0000 - 0x00007ffea9167000 	C:\Windows\system32\SogouPy.ime
0x00007ffeb7f40000 - 0x00007ffeb7faa000 	C:\Windows\SYSTEM32\OLEACC.dll
0x00007ffeb1de0000 - 0x00007ffeb1e0a000 	H:\sogou\SogouInput\Components\SgAppender\1.0.0.207\SgAppender_Dll64.dll
0x0000000010800000 - 0x00000000108dd000 	H:\sogou\SogouInput\7.8.0.7255\Resource.dll
0x00007ffeaf420000 - 0x00007ffeaf487000 	H:\sogou\SogouInput\Components\AddressSearch\2.0.1.1379\AddressSearch64.dll
0x00007ffeaeec0000 - 0x00007ffeaf0eb000 	H:\sogou\SogouInput\Components\PicFace\1.0.0.1394\PicFace64.dll
0x0000000180000000 - 0x000000018002d000 	C:\Program Files\Java\jdk1.7.0_67\jre\bin\Jpcap.dll
0x00000000104d0000 - 0x0000000010535000 	C:\Windows\SYSTEM32\wpcap.dll
0x00007ffeb5fb0000 - 0x00007ffeb5fda000 	C:\Windows\SYSTEM32\iphlpapi.dll
0x0000000010550000 - 0x000000001056f000 	C:\Windows\SYSTEM32\packet.dll
0x00007ffeb5fa0000 - 0x00007ffeb5faa000 	C:\Windows\SYSTEM32\WINNSI.DLL
0x00007ffeb5e90000 - 0x00007ffeb5ea6000 	C:\Windows\SYSTEM32\dhcpcsvc6.DLL
0x00007ffeb5e70000 - 0x00007ffeb5e8a000 	C:\Windows\SYSTEM32\dhcpcsvc.DLL
0x00007ffeba0f0000 - 0x00007ffeba29e000 	C:\Windows\SYSTEM32\WindowsCodecs.dll
0x00007ffebbb00000 - 0x00007ffebbb20000 	C:\Windows\SYSTEM32\CRYPTSP.dll
0x00007ffebb720000 - 0x00007ffebb756000 	C:\Windows\system32\rsaenh.dll
0x00007ffebbd50000 - 0x00007ffebbd76000 	C:\Windows\SYSTEM32\bcrypt.dll
0x00007ffe9db60000 - 0x00007ffe9dce9000 	C:\Windows\SYSTEM32\dbghelp.dll

VM Arguments:
jvm_args: -Dfile.encoding=GBK 
java_command: netcap.JFrameMain
Launcher Type: SUN_STANDARD

Environment Variables:
JAVA_HOME=C:\Program Files\Java\jdk1.7.0_67
CLASSPATH=.;C:\Program Files\Java\jdk1.7.0_67\lib\dt.jar;C:\Program Files\Java\jdk1.7.0_67\lib\tools.jar;
PATH=C:/Program Files (x86)/Java/jre6/bin/client;C:/Program Files (x86)/Java/jre6/bin;C:/Program Files (x86)/Java/jre6/lib/i386;C:\Program Files (x86)\Common Files\NetSarang;C:\Program Files (x86)\NVIDIA Corporation\PhysX\Common;c:\Program Files (x86)\Intel\iCLS Client\;c:\Program Files\Intel\iCLS Client\;C:\Windows\system32;C:\Windows;C:\Windows\System32\Wbem;C:\Windows\System32\WindowsPowerShell\v1.0\;C:\Program Files\Intel\Intel(R) Management Engine Components\DAL;C:\Program Files\Intel\Intel(R) Management Engine Components\IPT;C:\Program Files (x86)\Intel\Intel(R) Management Engine Components\DAL;C:\Program Files (x86)\Intel\Intel(R) Management Engine Components\IPT;C:\Program Files (x86)\Windows Live\Shared;G:\svn\bin;C:\Program Files\Java\jdk1.7.0_67\bin;C:\Program Files\Java\jdk1.7.0_67\jre\bin;C:\Program Files (x86)\MySQL\MySQL Fabric 1.5.2 & MySQL Utilities 1.5.2 1.5\;C:\Program Files (x86)\MySQL\MySQL Fabric 1.5.2 & MySQL Utilities 1.5.2 1.5\Doctrine extensions for PHP\;G:\Python2.7;G:\Python2.7\Scripts;H:\nmap;G:\Python2.7\Scripts;G:\Eclipse\eclipse;
USERNAME=dell123
OS=Windows_NT
PROCESSOR_IDENTIFIER=Intel64 Family 6 Model 69 Stepping 1, GenuineIntel



---------------  S Y S T E M  ---------------

OS: Windows 8.1 , 64 bit Build 9600 

CPU:total 4 (2 cores per cpu, 2 threads per core) family 6 model 69 stepping 1, cmov, cx8, fxsr, mmx, sse, sse2, sse3, ssse3, sse4.1, sse4.2, popcnt, avx, avx2, aes, erms, ht, tsc, tscinvbit

Memory: 4k page, physical 8290760k(4203716k free), swap 16679368k(9906012k free)

vm_info: Java HotSpot(TM) 64-Bit Server VM (24.65-b04) for windows-amd64 JRE (1.7.0_67-b01), built on Jul 25 2014 08:55:00 by "java_re" with unknown MS VC++:1600

time: Wed Mar 09 19:54:14 2016
elapsed time: 24 seconds

