#
# A fatal error has been detected by the Java Runtime Environment:
#
#  EXCEPTION_ACCESS_VIOLATION (0xc0000005) at pc=0x00000000105650da, pid=18160, tid=16816
#
# JRE version: Java(TM) SE Runtime Environment (7.0_67-b01) (build 1.7.0_67-b01)
# Java VM: Java HotSpot(TM) 64-Bit Server VM (24.65-b04 mixed mode windows-amd64 compressed oops)
# Problematic frame:
# C  [packet.dll+0x50da]
#
# Failed to write core dump. Minidumps are not enabled by default on client versions of Windows
#
# If you would like to submit a bug report, please visit:
#   http://bugreport.sun.com/bugreport/crash.jsp
# The crash happened outside the Java Virtual Machine in native code.
# See problematic frame for where to report the bug.
#

---------------  T H R E A D  ---------------

Current thread (0x000000000cbd3800):  JavaThread "Thread-3" [_thread_in_native, id=16816, stack(0x000000000fc40000,0x000000000fd40000)]

siginfo: ExceptionCode=0xc0000005, reading address 0x0000000000000170

Registers:
RAX=0x000000000a6a4d20, RBX=0x0000000010757720, RCX=0x0000000000000000, RDX=0x0000000000000000
RSP=0x000000000fd3f1c0, RBP=0x0000000000000001, RSI=0x0000000180002360, RDI=0x0000000010757720
R8 =0x0000000180002301, R9 =0x0000000000000000, R10=0x0000000180002360, R11=0x000000000c21e468
R12=0x000000000cbd39e8, R13=0x0000000000000000, R14=0x0000000000000001, R15=0x0000000000000000
RIP=0x00000000105650da, EFLAGS=0x0000000000010206

Top of Stack: (sp=0x000000000fd3f1c0)
0x000000000fd3f1c0:   0000000001f7c530 0000000064cb0535
0x000000000fd3f1d0:   000000000cbd3800 0000000064c03f53
0x000000000fd3f1e0:   000000000c125cf0 000000000cbd3800
0x000000000fd3f1f0:   0000000010757720 0000000010513ca3
0x000000000fd3f200:   0000000010757720 0000000001f7c530
0x000000000fd3f210:   000000000fd3f360 0000000200000004
0x000000000fd3f220:   000000000cbd3800 000000000fd3f370
0x000000000fd3f230:   0000000180000000 0000000000000000
0x000000000fd3f240:   0000000010757720 0000000010514c80
0x000000000fd3f250:   000000000cbd3800 0000000000000000
0x000000000fd3f260:   0000000180002360 000000000fd3f370
0x000000000fd3f270:   0000000000000000 0000000180001e44
0x000000000fd3f280:   00000000651d4f80 0000000000000001
0x000000000fd3f290:   000000000fd3f360 000000000fd3f628
0x000000000fd3f2a0:   000000077cdbf0e8 0000000000000000
0x000000000fd3f2b0:   00000000023d6274 00000000023e3150 

Instructions: (pc=0x00000000105650da)
0x00000000105650ba:   34 00 00 00 00 c6 41 38 00 c3 cc cc cc cc cc cc
0x00000000105650ca:   cc cc cc cc cc cc 48 89 5c 24 08 57 48 83 ec 30
0x00000000105650da:   8b 81 70 01 00 00 48 8b fa 48 8b d9 83 f8 10 75
0x00000000105650ea:   3e 8b 51 58 83 fa ff 74 12 48 8b 49 50 83 c8 ff 


Register to memory mapping:

RAX=0x000000000a6a4d20 is a global jni handle
RBX=0x0000000010757720 is an unknown value
RCX=0x0000000000000000 is an unknown value
RDX=0x0000000000000000 is an unknown value
RSP=0x000000000fd3f1c0 is pointing into the stack for thread: 0x000000000cbd3800
RBP=0x0000000000000001 is an unknown value
RSI=0x0000000180002360 is an unknown value
RDI=0x0000000010757720 is an unknown value
R8 =0x0000000180002301 is an unknown value
R9 =0x0000000000000000 is an unknown value
R10=0x0000000180002360 is an unknown value
R11=0x000000000c21e468 is an unknown value
R12=0x000000000cbd39e8 is an unknown value
R13=0x0000000000000000 is an unknown value
R14=0x0000000000000001 is an unknown value
R15=0x0000000000000000 is an unknown value


Stack: [0x000000000fc40000,0x000000000fd40000],  sp=0x000000000fd3f1c0,  free space=1020k
Native frames: (J=compiled Java code, j=interpreted, Vv=VM code, C=native code)
C  [packet.dll+0x50da]

Java frames: (J=compiled Java code, j=interpreted, Vv=VM code)
j  jpcap.JpcapCaptor.processPacket(ILjpcap/PacketReceiver;)I+0
j  netcap.Netcaptor$2.run()V+18
j  java.lang.Thread.run()V+11
v  ~StubRoutines::call_stub

---------------  P R O C E S S  ---------------

Java Threads: ( => current thread )
=>0x000000000cbd3800 JavaThread "Thread-3" [_thread_in_native, id=16816, stack(0x000000000fc40000,0x000000000fd40000)]
  0x000000000c45e800 JavaThread "TimerQueue" daemon [_thread_blocked, id=3268, stack(0x000000000d2d0000,0x000000000d3d0000)]
  0x00000000022d0800 JavaThread "DestroyJavaVM" [_thread_blocked, id=17936, stack(0x0000000001df0000,0x0000000001ef0000)]
  0x000000000c143800 JavaThread "AWT-EventQueue-0" [_thread_in_native, id=8204, stack(0x000000000c8d0000,0x000000000c9d0000)]
  0x000000000c1be000 JavaThread "AWT-Windows" daemon [_thread_in_native, id=18092, stack(0x000000000c7d0000,0x000000000c8d0000)]
  0x000000000c1ba000 JavaThread "AWT-Shutdown" [_thread_blocked, id=10520, stack(0x000000000c6d0000,0x000000000c7d0000)]
  0x000000000c1b9000 JavaThread "Java2D Disposer" daemon [_thread_blocked, id=10392, stack(0x000000000c5d0000,0x000000000c6d0000)]
  0x000000000a70b000 JavaThread "Service Thread" daemon [_thread_blocked, id=13740, stack(0x000000000be60000,0x000000000bf60000)]
  0x000000000a704000 JavaThread "C2 CompilerThread1" daemon [_thread_blocked, id=17620, stack(0x000000000bd60000,0x000000000be60000)]
  0x000000000a6ff000 JavaThread "C2 CompilerThread0" daemon [_thread_blocked, id=6604, stack(0x000000000bc60000,0x000000000bd60000)]
  0x000000000a6fe000 JavaThread "Attach Listener" daemon [_thread_blocked, id=3548, stack(0x000000000bb60000,0x000000000bc60000)]
  0x000000000a6fa800 JavaThread "Signal Dispatcher" daemon [_thread_blocked, id=11500, stack(0x000000000ba60000,0x000000000bb60000)]
  0x000000000a6ae800 JavaThread "Finalizer" daemon [_thread_blocked, id=13780, stack(0x000000000b960000,0x000000000ba60000)]
  0x000000000a6a5000 JavaThread "Reference Handler" daemon [_thread_blocked, id=1384, stack(0x000000000b860000,0x000000000b960000)]

Other Threads:
  0x000000000a6a1000 VMThread [stack: 0x000000000b760000,0x000000000b860000] [id=6900]
  0x000000000a727000 WatcherThread [stack: 0x000000000bf60000,0x000000000c060000] [id=1812]

VM state:not at safepoint (normal execution)

VM Mutex/Monitor currently owned by a thread: None

Heap
 PSYoungGen      total 38400K, used 14455K [0x00000007d5c80000, 0x00000007d8700000, 0x0000000800000000)
  eden space 33280K, 43% used [0x00000007d5c80000,0x00000007d6a9dc00,0x00000007d7d00000)
  from space 5120K, 0% used [0x00000007d8200000,0x00000007d8200000,0x00000007d8700000)
  to   space 5120K, 0% used [0x00000007d7d00000,0x00000007d7d00000,0x00000007d8200000)
 ParOldGen       total 86016K, used 0K [0x0000000781600000, 0x0000000786a00000, 0x00000007d5c80000)
  object space 86016K, 0% used [0x0000000781600000,0x0000000781600000,0x0000000786a00000)
 PSPermGen       total 21504K, used 11567K [0x000000077c400000, 0x000000077d900000, 0x0000000781600000)
  object space 21504K, 53% used [0x000000077c400000,0x000000077cf4bc50,0x000000077d900000)

Card table byte_map: [0x0000000005490000,0x00000000058b0000] byte_map_base: 0x00000000018ae000

Polling page: 0x0000000000650000

Code Cache  [0x00000000023d0000, 0x0000000002640000, 0x00000000053d0000)
 total_blobs=491 nmethods=62 adapters=381 free_code_cache=48551Kb largest_free_block=49694912

Compilation events (10 events):
Event: 84.565 Thread 0x000000000a704000 nmethod 58 0x0000000002460cd0 code [0x0000000002460e20, 0x0000000002460f78]
Event: 84.566 Thread 0x000000000a6ff000 nmethod 56 0x0000000002462f50 code [0x00000000024630e0, 0x00000000024633f8]
Event: 84.606 Thread 0x000000000a704000   59   !         java.awt.Container::getMouseEventTargetImpl (255 bytes)
Event: 84.653 Thread 0x000000000a704000 nmethod 59 0x0000000002468e90 code [0x00000000024690c0, 0x000000000246a1e8]
Event: 94.256 Thread 0x000000000a6ff000   60             java.security.AccessControlContext::optimize (319 bytes)
Event: 94.295 Thread 0x000000000a6ff000 nmethod 60 0x0000000002461f50 code [0x00000000024620c0, 0x0000000002462b28]
Event: 94.485 Thread 0x000000000a704000   61   !         sun.awt.AWTAutoShutdown::setToolkitBusy (124 bytes)
Event: 94.502 Thread 0x000000000a704000 nmethod 61 0x0000000002464910 code [0x0000000002464aa0, 0x0000000002465410]
Event: 94.981 Thread 0x000000000a6ff000   62             java.awt.EventQueue::noEvents (29 bytes)
Event: 94.984 Thread 0x000000000a6ff000 nmethod 62 0x0000000002460a10 code [0x0000000002460b40, 0x0000000002460c18]

GC Heap History (0 events):
No events

Deoptimization events (4 events):
Event: 3.077 Thread 0x000000000c143800 Uncommon trap: reason=class_check action=maybe_recompile pc=0x0000000002442850 method=java.lang.String.equals(Ljava/lang/Object;)Z @ 8
Event: 3.077 Thread 0x000000000c143800 Uncommon trap: reason=class_check action=maybe_recompile pc=0x0000000002442850 method=java.lang.String.equals(Ljava/lang/Object;)Z @ 8
Event: 3.077 Thread 0x000000000c143800 Uncommon trap: reason=class_check action=maybe_recompile pc=0x0000000002442850 method=java.lang.String.equals(Ljava/lang/Object;)Z @ 8
Event: 3.905 Thread 0x000000000c143800 Uncommon trap: reason=class_check action=maybe_recompile pc=0x0000000002442850 method=java.lang.String.equals(Ljava/lang/Object;)Z @ 8

Internal exceptions (10 events):
Event: 0.769 Thread 0x00000000022d0800 Threw 0x00000007d5f4d940 at C:\re\jdk7u67\1368\hotspot\src\share\vm\prims\jvm.cpp:1244
Event: 0.772 Thread 0x00000000022d0800 Threw 0x00000007d5f51770 at C:\re\jdk7u67\1368\hotspot\src\share\vm\prims\jvm.cpp:1244
Event: 1.002 Thread 0x00000000022d0800 Threw 0x00000007d5fb1f10 at C:\re\jdk7u67\1368\hotspot\src\share\vm\prims\jni.cpp:717
Event: 1.002 Thread 0x00000000022d0800 Threw 0x00000007d5fb2378 at C:\re\jdk7u67\1368\hotspot\src\share\vm\interpreter\linkResolver.cpp:883
Event: 1.032 Thread 0x00000000022d0800 Threw 0x00000007d607dc28 at C:\re\jdk7u67\1368\hotspot\src\share\vm\prims\jvm.cpp:1244
Event: 1.032 Thread 0x00000000022d0800 Threw 0x00000007d607eec0 at C:\re\jdk7u67\1368\hotspot\src\share\vm\prims\jvm.cpp:1244
Event: 1.037 Thread 0x00000000022d0800 Threw 0x00000007d6082318 at C:\re\jdk7u67\1368\hotspot\src\share\vm\prims\jvm.cpp:1244
Event: 1.037 Thread 0x00000000022d0800 Threw 0x00000007d60835b0 at C:\re\jdk7u67\1368\hotspot\src\share\vm\prims\jvm.cpp:1244
Event: 3.907 Thread 0x000000000c143800 Threw 0x00000007d64523d8 at C:\re\jdk7u67\1368\hotspot\src\share\vm\prims\jvm.cpp:1244
Event: 11.624 Thread 0x000000000c143800 Threw 0x00000007d65c3ba8 at C:\re\jdk7u67\1368\hotspot\src\share\vm\prims\jvm.cpp:1244

Events (10 events):
Event: 14.672 loading class 0x000000000a71b0b0
Event: 14.672 loading class 0x000000000a71b0b0 done
Event: 76.026 Executing VM operation: RevokeBias
Event: 76.026 Executing VM operation: RevokeBias done
Event: 76.026 Thread 0x000000000cd72800 Thread exited: 0x000000000cd72800
Event: 83.278 Executing VM operation: BulkRevokeBias
Event: 83.279 Executing VM operation: BulkRevokeBias done
Event: 93.925 loading class 0x000000000c16a5e0
Event: 93.938 loading class 0x000000000c16a5e0 done
Event: 95.105 Thread 0x000000000cbd3800 Thread added: 0x000000000cbd3800


Dynamic libraries:
0x00007ff6c9d20000 - 0x00007ff6c9d53000 	C:\Program Files\Java\jdk1.7.0_67\bin\javaw.exe
0x00007ffebf4e0000 - 0x00007ffebf68d000 	C:\Windows\SYSTEM32\ntdll.dll
0x00007ffebe940000 - 0x00007ffebea7e000 	C:\Windows\system32\KERNEL32.DLL
0x00007ffebc6a0000 - 0x00007ffebc7b5000 	C:\Windows\system32\KERNELBASE.dll
0x00007ffebae80000 - 0x00007ffebaf0e000 	C:\Windows\system32\apphelp.dll
0x00007ffeb0ed0000 - 0x00007ffeb0f23000 	C:\Windows\AppPatch\AppPatch64\AcGenral.DLL
0x00007ffebf010000 - 0x00007ffebf0ba000 	C:\Windows\system32\msvcrt.dll
0x00007ffebc060000 - 0x00007ffebc08e000 	C:\Windows\SYSTEM32\SspiCli.dll
0x00007ffebe830000 - 0x00007ffebe884000 	C:\Windows\system32\SHLWAPI.dll
0x00007ffebeb40000 - 0x00007ffebecb7000 	C:\Windows\system32\USER32.dll
0x00007ffebe670000 - 0x00007ffebe804000 	C:\Windows\system32\ole32.dll
0x00007ffebc9a0000 - 0x00007ffebdeca000 	C:\Windows\system32\SHELL32.dll
0x00007ffebb830000 - 0x00007ffebb851000 	C:\Windows\SYSTEM32\USERENV.dll
0x00007ffebe890000 - 0x00007ffebe93a000 	C:\Windows\system32\ADVAPI32.dll
0x00007ffeb3860000 - 0x00007ffeb387e000 	C:\Windows\SYSTEM32\MPR.dll
0x00007ffebdf90000 - 0x00007ffebe0d1000 	C:\Windows\system32\RPCRT4.dll
0x00007ffebecd0000 - 0x00007ffebed29000 	C:\Windows\SYSTEM32\sechost.dll
0x00007ffebe190000 - 0x00007ffebe3a1000 	C:\Windows\SYSTEM32\combase.dll
0x00007ffebf390000 - 0x00007ffebf4e0000 	C:\Windows\system32\GDI32.dll
0x00007ffebc240000 - 0x00007ffebc255000 	C:\Windows\SYSTEM32\profapi.dll
0x00007ffeba810000 - 0x00007ffeba8c2000 	C:\Windows\SYSTEM32\SHCORE.dll
0x00007ffebe150000 - 0x00007ffebe186000 	C:\Windows\system32\IMM32.DLL
0x00007ffebf160000 - 0x00007ffebf2b2000 	C:\Windows\system32\MSCTF.dll
0x00007ffeba390000 - 0x00007ffeba60b000 	C:\Windows\WinSxS\amd64_microsoft.windows.common-controls_6595b64144ccf1df_6.0.9600.18006_none_623f33d3ecbe86e8\COMCTL32.dll
0x0000000065f50000 - 0x0000000066022000 	C:\Program Files\Java\jdk1.7.0_67\jre\bin\msvcr100.dll
0x0000000064ae0000 - 0x00000000652b2000 	C:\Program Files\Java\jdk1.7.0_67\jre\bin\server\jvm.dll
0x00007ffeb9bb0000 - 0x00007ffeb9bb9000 	C:\Windows\SYSTEM32\WSOCK32.dll
0x00007ffebc7d0000 - 0x00007ffebc7f2000 	C:\Windows\system32\WINMM.dll
0x00007ffebf150000 - 0x00007ffebf157000 	C:\Windows\system32\PSAPI.DLL
0x00007ffebe0f0000 - 0x00007ffebe14a000 	C:\Windows\system32\WS2_32.dll
0x00007ffebc340000 - 0x00007ffebc36a000 	C:\Windows\system32\WINMMBASE.dll
0x00007ffebe0e0000 - 0x00007ffebe0e9000 	C:\Windows\system32\NSI.dll
0x00007ffebc370000 - 0x00007ffebc3bf000 	C:\Windows\SYSTEM32\cfgmgr32.dll
0x00007ffebc2f0000 - 0x00007ffebc318000 	C:\Windows\system32\DEVOBJ.dll
0x0000000065f40000 - 0x0000000065f4f000 	C:\Program Files\Java\jdk1.7.0_67\jre\bin\verify.dll
0x0000000065f10000 - 0x0000000065f38000 	C:\Program Files\Java\jdk1.7.0_67\jre\bin\java.dll
0x0000000065ef0000 - 0x0000000065f05000 	C:\Program Files\Java\jdk1.7.0_67\jre\bin\zip.dll
0x0000000064940000 - 0x0000000064ad5000 	C:\Program Files\Java\jdk1.7.0_67\jre\bin\awt.dll
0x00007ffebf2c0000 - 0x00007ffebf381000 	C:\Windows\system32\OLEAUT32.dll
0x00007ffeba610000 - 0x00007ffeba631000 	C:\Windows\system32\DWMAPI.DLL
0x00007ffebaf30000 - 0x00007ffebb059000 	C:\Windows\system32\uxtheme.dll
0x00007ffebb0d0000 - 0x00007ffebb0db000 	C:\Windows\SYSTEM32\kernel.appcore.dll
0x00007ffebc100000 - 0x00007ffebc10b000 	C:\Windows\SYSTEM32\CRYPTBASE.dll
0x00007ffebc090000 - 0x00007ffebc0f3000 	C:\Windows\SYSTEM32\bcryptPrimitives.dll
0x0000000065e80000 - 0x0000000065ec7000 	C:\Program Files\Java\jdk1.7.0_67\jre\bin\fontmanager.dll
0x0000000065ed0000 - 0x0000000065ee9000 	C:\Program Files\Java\jdk1.7.0_67\jre\bin\net.dll
0x00007ffebbaa0000 - 0x00007ffebbaf9000 	C:\Windows\system32\mswsock.dll
0x0000000065e60000 - 0x0000000065e71000 	C:\Program Files\Java\jdk1.7.0_67\jre\bin\nio.dll
0x0000000065e10000 - 0x0000000065e51000 	C:\Program Files\Java\jdk1.7.0_67\jre\bin\t2k.dll
0x00007ffebded0000 - 0x00007ffebdf86000 	C:\Windows\SYSTEM32\clbcatq.dll
0x00007ffea9170000 - 0x00007ffea9350000 	C:\Windows\system32\SogouTSF.ime
0x00007ffeb7f10000 - 0x00007ffeb7f1a000 	C:\Windows\system32\VERSION.dll
0x00007ffeb7e20000 - 0x00007ffeb7e27000 	C:\Windows\system32\MSIMG32.dll
0x00007ffeb5fe0000 - 0x00007ffeb6012000 	C:\Windows\SYSTEM32\ntmarta.dll
0x00007ffea88f0000 - 0x00007ffea9167000 	C:\Windows\system32\SogouPy.ime
0x00007ffeb7f40000 - 0x00007ffeb7faa000 	C:\Windows\SYSTEM32\OLEACC.dll
0x00007ffeb1de0000 - 0x00007ffeb1e0a000 	H:\sogou\SogouInput\Components\SgAppender\1.0.0.207\SgAppender_Dll64.dll
0x0000000010000000 - 0x00000000100dd000 	H:\sogou\SogouInput\7.8.0.7255\Resource.dll
0x00007ffeaf420000 - 0x00007ffeaf487000 	H:\sogou\SogouInput\Components\AddressSearch\2.0.1.1379\AddressSearch64.dll
0x00007ffeaeec0000 - 0x00007ffeaf0eb000 	H:\sogou\SogouInput\Components\PicFace\1.0.0.1394\PicFace64.dll
0x0000000180000000 - 0x000000018002d000 	C:\Program Files\Java\jdk1.7.0_67\jre\bin\Jpcap.dll
0x00000000104f0000 - 0x0000000010555000 	C:\Windows\SYSTEM32\wpcap.dll
0x00007ffeb5fb0000 - 0x00007ffeb5fda000 	C:\Windows\SYSTEM32\iphlpapi.dll
0x0000000010560000 - 0x000000001057f000 	C:\Windows\SYSTEM32\packet.dll
0x00007ffeb5fa0000 - 0x00007ffeb5faa000 	C:\Windows\SYSTEM32\WINNSI.DLL
0x00007ffeb5e90000 - 0x00007ffeb5ea6000 	C:\Windows\SYSTEM32\dhcpcsvc6.DLL
0x00007ffeb5e70000 - 0x00007ffeb5e8a000 	C:\Windows\SYSTEM32\dhcpcsvc.DLL
0x00007ffeba0f0000 - 0x00007ffeba29e000 	C:\Windows\SYSTEM32\WindowsCodecs.dll
0x00007ffebbb00000 - 0x00007ffebbb20000 	C:\Windows\SYSTEM32\CRYPTSP.dll
0x00007ffebb720000 - 0x00007ffebb756000 	C:\Windows\system32\rsaenh.dll
0x00007ffebbd50000 - 0x00007ffebbd76000 	C:\Windows\SYSTEM32\bcrypt.dll
0x00007ffe9db60000 - 0x00007ffe9dce9000 	C:\Windows\SYSTEM32\dbghelp.dll

VM Arguments:
jvm_args: -Dfile.encoding=GBK 
java_command: netcap.JFrameMain
Launcher Type: SUN_STANDARD

Environment Variables:
JAVA_HOME=C:\Program Files\Java\jdk1.7.0_67
CLASSPATH=.;C:\Program Files\Java\jdk1.7.0_67\lib\dt.jar;C:\Program Files\Java\jdk1.7.0_67\lib\tools.jar;
PATH=C:/Program Files (x86)/Java/jre6/bin/client;C:/Program Files (x86)/Java/jre6/bin;C:/Program Files (x86)/Java/jre6/lib/i386;C:\Program Files (x86)\Common Files\NetSarang;C:\Program Files (x86)\NVIDIA Corporation\PhysX\Common;c:\Program Files (x86)\Intel\iCLS Client\;c:\Program Files\Intel\iCLS Client\;C:\Windows\system32;C:\Windows;C:\Windows\System32\Wbem;C:\Windows\System32\WindowsPowerShell\v1.0\;C:\Program Files\Intel\Intel(R) Management Engine Components\DAL;C:\Program Files\Intel\Intel(R) Management Engine Components\IPT;C:\Program Files (x86)\Intel\Intel(R) Management Engine Components\DAL;C:\Program Files (x86)\Intel\Intel(R) Management Engine Components\IPT;C:\Program Files (x86)\Windows Live\Shared;G:\svn\bin;C:\Program Files\Java\jdk1.7.0_67\bin;C:\Program Files\Java\jdk1.7.0_67\jre\bin;C:\Program Files (x86)\MySQL\MySQL Fabric 1.5.2 & MySQL Utilities 1.5.2 1.5\;C:\Program Files (x86)\MySQL\MySQL Fabric 1.5.2 & MySQL Utilities 1.5.2 1.5\Doctrine extensions for PHP\;G:\Python2.7;G:\Python2.7\Scripts;H:\nmap;G:\Python2.7\Scripts;G:\Eclipse\eclipse;
USERNAME=dell123
OS=Windows_NT
PROCESSOR_IDENTIFIER=Intel64 Family 6 Model 69 Stepping 1, GenuineIntel



---------------  S Y S T E M  ---------------

OS: Windows 8.1 , 64 bit Build 9600 

CPU:total 4 (2 cores per cpu, 2 threads per core) family 6 model 69 stepping 1, cmov, cx8, fxsr, mmx, sse, sse2, sse3, ssse3, sse4.1, sse4.2, popcnt, avx, avx2, aes, erms, ht, tsc, tscinvbit

Memory: 4k page, physical 8290760k(4066804k free), swap 16679368k(9774432k free)

vm_info: Java HotSpot(TM) 64-Bit Server VM (24.65-b04) for windows-amd64 JRE (1.7.0_67-b01), built on Jul 25 2014 08:55:00 by "java_re" with unknown MS VC++:1600

time: Wed Mar 09 19:56:28 2016
elapsed time: 123 seconds

